2024-10-20 14:28:15,163 [INFO] Activator:176 - 


2024-10-20 14:28:15,164 [INFO] Activator:177 - !SESSION log4j initialized
2024-10-20 14:28:16,896 [INFO] LogOutputStream:77 - [STDOUT_REDIRECT] 
2024-10-20 14:28:18,532 [INFO] ApplicationProperties:184 - Using Application install path: C:\ST\STM32CubeIDE_1.16.1\STM32CubeIDE\plugins\com.st.stm32cube.common.mx_6.12.1.202409122256
2024-10-20 14:28:18,549 [INFO] DbMcusXml:78 - Set database path to: C:\ST\STM32CubeIDE_1.16.1\STM32CubeIDE\plugins\com.st.stm32cube.common.mx_6.12.1.202409122256\\db\/mcu/
2024-10-20 14:28:18,549 [INFO] ApiDb:274 - Set plugin database path to: C:\ST\STM32CubeIDE_1.16.1\STM32CubeIDE\plugins\com.st.stm32cube.common.mx_6.12.1.202409122256\\db\/plugins/boardmanager/
2024-10-20 14:28:18,550 [WARN] ApiDb:259 - Overriding images path with different value:  => C:\ST\STM32CubeIDE_1.16.1\STM32CubeIDE\plugins\com.st.stm32cube.common.mx_6.12.1.202409122256\\db\/plugins/mcufinder/images/
2024-10-20 14:28:18,553 [INFO] ApiDb:250 - Set database path to: C:\Users\erick\.stmcufinder\plugins\mcufinder//mcu/
2024-10-20 14:28:18,553 [INFO] DbMcusAds:125 - Set database path to: C:\Users\erick\.stmcufinder\plugins\mcufinder//mcu/
2024-10-20 14:28:18,555 [INFO] CrossReferenceDbSqlite:203 - Set database path to: C:\Users\erick\.stmcufinder\plugins\mcufinder//mcu/cs/
2024-10-20 14:28:18,641 [INFO] RulesReader:64 - Compatibility file has been processed (297 Rules)
2024-10-20 14:28:18,746 [INFO] DbMcusXml:78 - Set database path to: C:\ST\STM32CubeIDE_1.16.1\STM32CubeIDE\plugins\com.st.stm32cube.common.mx_6.12.1.202409122256\\db\/mcu/
2024-10-20 14:28:18,746 [INFO] ApiDb:274 - Set plugin database path to: C:\ST\STM32CubeIDE_1.16.1\STM32CubeIDE\plugins\com.st.stm32cube.common.mx_6.12.1.202409122256\\db\/plugins/boardmanager/
2024-10-20 14:28:18,746 [INFO] ApiDb:261 - Set plugin images path to: C:\ST\STM32CubeIDE_1.16.1\STM32CubeIDE\plugins\com.st.stm32cube.common.mx_6.12.1.202409122256\\db\/plugins/mcufinder/images/
2024-10-20 14:28:18,746 [WARN] DbFile:41 - Overriding database path with different value: C:\Users\erick\.stmcufinder\plugins\mcufinder/ => C:\Users\erick\.stmcufinder\plugins\mcufinder
2024-10-20 14:28:18,747 [INFO] ApiDb:250 - Set database path to: C:\Users\erick\.stmcufinder\plugins\mcufinder//mcu/
2024-10-20 14:28:18,747 [WARN] DbFile:41 - Overriding database path with different value: C:\Users\erick\.stmcufinder\plugins\mcufinder/ => C:\Users\erick\.stmcufinder\plugins\mcufinder
2024-10-20 14:28:18,747 [INFO] DbMcusAds:125 - Set database path to: C:\Users\erick\.stmcufinder\plugins\mcufinder//mcu/
2024-10-20 14:28:18,747 [WARN] DbFile:41 - Overriding database path with different value: C:\Users\erick\.stmcufinder\plugins\mcufinder/ => C:\Users\erick\.stmcufinder\plugins\mcufinder
2024-10-20 14:28:18,747 [WARN] DbFile:41 - Overriding database path with different value: C:\Users\erick\.stmcufinder\plugins\mcufinder/ => C:\Users\erick\.stmcufinder\plugins\mcufinder
2024-10-20 14:28:18,747 [INFO] CrossReferenceDbSqlite:203 - Set database path to: C:\Users\erick\.stmcufinder\plugins\mcufinder//mcu/cs/
2024-10-20 14:28:18,809 [INFO] MainPanel:268 - HeapMemory: 268435456
2024-10-20 14:28:18,866 [INFO] DbMcusXml:78 - Set database path to: C:\ST\STM32CubeIDE_1.16.1\STM32CubeIDE\plugins\com.st.stm32cube.common.mx_6.12.1.202409122256\\db\/mcu/
2024-10-20 14:28:18,866 [INFO] ApiDb:274 - Set plugin database path to: C:\ST\STM32CubeIDE_1.16.1\STM32CubeIDE\plugins\com.st.stm32cube.common.mx_6.12.1.202409122256\\db\/plugins/boardmanager/
2024-10-20 14:28:18,866 [INFO] ApiDb:261 - Set plugin images path to: C:\ST\STM32CubeIDE_1.16.1\STM32CubeIDE\plugins\com.st.stm32cube.common.mx_6.12.1.202409122256\\db\/plugins/mcufinder/images/
2024-10-20 14:28:18,866 [WARN] DbFile:41 - Overriding database path with different value: C:\Users\erick\.stmcufinder\plugins\mcufinder/ => C:\Users\erick\.stmcufinder\plugins\mcufinder
2024-10-20 14:28:18,866 [INFO] ApiDb:250 - Set database path to: C:\Users\erick\.stmcufinder\plugins\mcufinder//mcu/
2024-10-20 14:28:18,866 [WARN] DbFile:41 - Overriding database path with different value: C:\Users\erick\.stmcufinder\plugins\mcufinder/ => C:\Users\erick\.stmcufinder\plugins\mcufinder
2024-10-20 14:28:18,866 [INFO] DbMcusAds:125 - Set database path to: C:\Users\erick\.stmcufinder\plugins\mcufinder//mcu/
2024-10-20 14:28:18,866 [WARN] DbFile:41 - Overriding database path with different value: C:\Users\erick\.stmcufinder\plugins\mcufinder/ => C:\Users\erick\.stmcufinder\plugins\mcufinder
2024-10-20 14:28:18,867 [WARN] DbFile:41 - Overriding database path with different value: C:\Users\erick\.stmcufinder\plugins\mcufinder/ => C:\Users\erick\.stmcufinder\plugins\mcufinder
2024-10-20 14:28:18,867 [INFO] CrossReferenceDbSqlite:203 - Set database path to: C:\Users\erick\.stmcufinder\plugins\mcufinder//mcu/cs/
2024-10-20 14:28:18,878 [INFO] ApplicationProperties:184 - Using Application install path: C:\ST\STM32CubeIDE_1.16.1\STM32CubeIDE\plugins\com.st.stm32cube.common.mx_6.12.1.202409122256
2024-10-20 14:28:18,879 [INFO] PluginManage:196 - Search for loadable plugins [exclusion list=, ]
2024-10-20 14:28:18,880 [INFO] PluginManage:310 - Check plugin analytics
2024-10-20 14:28:19,044 [INFO] AnalyticsPlugin:253 - Accepted Software Licenses: 
2024-10-20 14:28:19,045 [INFO] AnalyticsPlugin:255 - Accepted CMSIS Pack Licenses: 
2024-10-20 14:28:19,045 [INFO] AnalyticsPlugin:257 - Accepted Firmware Licenses: FW.G4.1.5.0,FW.G4.1.6.0
2024-10-20 14:28:19,048 [INFO] PluginManage:359 - Loaded plugin analytics (category:tool,tabindex:-1)
2024-10-20 14:28:19,049 [INFO] PluginManage:310 - Check plugin cadmodel
2024-10-20 14:28:19,054 [INFO] CADModel:105 - Init CAD model plugin
2024-10-20 14:28:19,054 [INFO] PluginManage:359 - Loaded plugin cadmodel (category:power,tabindex:5)
2024-10-20 14:28:19,055 [INFO] PluginManage:310 - Check plugin clock
2024-10-20 14:28:19,063 [INFO] PluginManage:359 - Loaded plugin clock (category:base,tabindex:2)
2024-10-20 14:28:19,063 [INFO] PluginManage:310 - Check plugin ddr
2024-10-20 14:28:19,066 [INFO] PluginManage:359 - Loaded plugin ddr (category:tool,tabindex:6)
2024-10-20 14:28:19,066 [INFO] PluginManage:310 - Check plugin filemanager
2024-10-20 14:28:19,210 [INFO] PluginManage:359 - Loaded plugin filemanager (category:base,tabindex:10)
2024-10-20 14:28:19,210 [INFO] PluginManage:310 - Check plugin ipmanager
2024-10-20 14:28:19,216 [INFO] PluginManage:359 - Loaded plugin ipmanager (category:base,tabindex:5)
2024-10-20 14:28:19,216 [INFO] PluginManage:310 - Check plugin lpbam
2024-10-20 14:28:19,222 [INFO] PluginManage:359 - Loaded plugin lpbam (category:base,tabindex:0)
2024-10-20 14:28:19,223 [INFO] PluginManage:310 - Check plugin memorymap
2024-10-20 14:28:19,232 [INFO] PluginManage:359 - Loaded plugin memorymap (category:base,tabindex:4)
2024-10-20 14:28:19,232 [INFO] PluginManage:310 - Check plugin pinoutandconfiguration
2024-10-20 14:28:19,236 [INFO] PluginManage:359 - Loaded plugin pinoutandconfiguration (category:base,tabindex:1)
2024-10-20 14:28:19,236 [INFO] PluginManage:310 - Check plugin pinoutconfig
2024-10-20 14:28:19,295 [WARN] SupportedApi:132 - Cannot load RTOS API schema: s4s-elt-must-match.1: The content of 'definitions' must match (annotation?, (simpleType | complexType)?, (unique | key | keyref)*)). A problem was found starting at: attribute.
2024-10-20 14:28:19,383 [INFO] PluginManage:359 - Loaded plugin pinoutconfig (category:base,tabindex:0)
2024-10-20 14:28:19,383 [INFO] PluginManage:310 - Check plugin power
2024-10-20 14:28:19,389 [INFO] PluginManage:359 - Loaded plugin power (category:power,tabindex:4)
2024-10-20 14:28:19,389 [INFO] PluginManage:310 - Check plugin projectmanager
2024-10-20 14:28:19,400 [INFO] PluginManage:359 - Loaded plugin projectmanager (category:projectmanager,tabindex:4)
2024-10-20 14:28:19,401 [INFO] PluginManage:310 - Check plugin rif
2024-10-20 14:28:19,404 [INFO] PluginManage:359 - Loaded plugin rif (category:base,tabindex:3)
2024-10-20 14:28:19,404 [INFO] PluginManage:310 - Check plugin thirdparty
2024-10-20 14:28:19,513 [WARN] IntegrityCheckThread:84 - waiting for thirdparty lock release [integrity check]
2024-10-20 14:28:19,514 [INFO] IntegrityCheckThread:86 - entering critical section [integrity check]
2024-10-20 14:28:19,514 [INFO] PluginManage:359 - Loaded plugin thirdparty (category:base,tabindex:-1)
2024-10-20 14:28:19,514 [INFO] ThirdPartyUpdaterWithRetryManager:70 - Updater plugin not ready yet. [1/15]
2024-10-20 14:28:19,514 [INFO] PluginManage:310 - Check plugin tools
2024-10-20 14:28:19,519 [INFO] PluginManage:359 - Loaded plugin tools (category:base,tabindex:7)
2024-10-20 14:28:19,519 [INFO] PluginManage:310 - Check plugin tutovideos
2024-10-20 14:28:19,644 [INFO] PluginManage:359 - Loaded plugin tutovideos (category:base,tabindex:-1)
2024-10-20 14:28:19,644 [INFO] PluginManage:310 - Check plugin updater
2024-10-20 14:28:19,656 [INFO] PluginManage:359 - Loaded plugin updater (category:base,tabindex:12)
2024-10-20 14:28:19,656 [INFO] PluginManage:310 - Check plugin userauth
2024-10-20 14:28:19,660 [INFO] UserAuth:113 - Init User Auth plugin
2024-10-20 14:28:19,660 [INFO] PluginManage:359 - Loaded plugin userauth (category:base,tabindex:14)
2024-10-20 14:28:19,660 [INFO] PluginManage:283 - PluginManage : Loaded plugins [18]
2024-10-20 14:28:19,824 [INFO] PinOutPanel:1561 - setPackage(No Configuration,No Configuration)
2024-10-20 14:28:19,883 [INFO] CADModel:165 - CPN selected for project level
2024-10-20 14:28:19,883 [INFO] CADModel:114 - Register for checkConnection events
2024-10-20 14:28:19,894 [INFO] IPUIPlugin:80 - create IPUIPlugin
2024-10-20 14:28:19,894 [INFO] PluginManager:220 - loadIPPluginJar : add adc
2024-10-20 14:28:19,896 [INFO] IPUIPlugin:80 - create IPUIPlugin
2024-10-20 14:28:19,896 [INFO] PluginManager:220 - loadIPPluginJar : add aes
2024-10-20 14:28:19,898 [INFO] IPUIPlugin:80 - create IPUIPlugin
2024-10-20 14:28:19,898 [INFO] PluginManager:220 - loadIPPluginJar : add can
2024-10-20 14:28:19,899 [INFO] IPUIPlugin:80 - create IPUIPlugin
2024-10-20 14:28:19,899 [INFO] PluginManager:220 - loadIPPluginJar : add comp
2024-10-20 14:28:19,900 [INFO] IPUIPlugin:80 - create IPUIPlugin
2024-10-20 14:28:19,900 [INFO] PluginManager:220 - loadIPPluginJar : add cryp
2024-10-20 14:28:19,902 [INFO] IPUIPlugin:80 - create IPUIPlugin
2024-10-20 14:28:19,902 [INFO] PluginManager:220 - loadIPPluginJar : add ddr_ctrl_phy
2024-10-20 14:28:19,903 [INFO] IPUIPlugin:80 - create IPUIPlugin
2024-10-20 14:28:19,904 [INFO] PluginManager:220 - loadIPPluginJar : add dfsdm
2024-10-20 14:28:19,909 [INFO] IPUIPlugin:80 - create IPUIPlugin
2024-10-20 14:28:19,909 [INFO] PluginManager:220 - loadIPPluginJar : add dma
2024-10-20 14:28:19,911 [INFO] IPUIPlugin:80 - create IPUIPlugin
2024-10-20 14:28:19,911 [INFO] PluginManager:220 - loadIPPluginJar : add dma3
2024-10-20 14:28:19,914 [INFO] IPUIPlugin:80 - create IPUIPlugin
2024-10-20 14:28:19,914 [INFO] PluginManager:220 - loadIPPluginJar : add extmemmanager
2024-10-20 14:28:19,915 [INFO] IPUIPlugin:80 - create IPUIPlugin
2024-10-20 14:28:19,916 [INFO] PluginManager:220 - loadIPPluginJar : add fatfs
2024-10-20 14:28:19,919 [INFO] IPUIPlugin:80 - create IPUIPlugin
2024-10-20 14:28:19,919 [INFO] PluginManager:220 - loadIPPluginJar : add fmc
2024-10-20 14:28:19,924 [INFO] IPUIPlugin:80 - create IPUIPlugin
2024-10-20 14:28:19,924 [INFO] PluginManager:220 - loadIPPluginJar : add freertos
2024-10-20 14:28:19,925 [INFO] IPUIPlugin:80 - create IPUIPlugin
2024-10-20 14:28:19,926 [INFO] PluginManager:220 - loadIPPluginJar : add genericplugin
2024-10-20 14:28:19,928 [INFO] IPUIPlugin:80 - create IPUIPlugin
2024-10-20 14:28:19,928 [INFO] PluginManager:220 - loadIPPluginJar : add gfxmmu
2024-10-20 14:28:19,932 [INFO] IPUIPlugin:80 - create IPUIPlugin
2024-10-20 14:28:19,933 [INFO] PluginManager:220 - loadIPPluginJar : add gic
2024-10-20 14:28:19,938 [INFO] IPUIPlugin:80 - create IPUIPlugin
2024-10-20 14:28:19,938 [INFO] PluginManager:220 - loadIPPluginJar : add gpio
2024-10-20 14:28:19,941 [INFO] IPUIPlugin:80 - create IPUIPlugin
2024-10-20 14:28:19,941 [INFO] PluginManager:220 - loadIPPluginJar : add gtzc
2024-10-20 14:28:19,943 [INFO] IPUIPlugin:80 - create IPUIPlugin
2024-10-20 14:28:19,943 [INFO] PluginManager:220 - loadIPPluginJar : add hash
2024-10-20 14:28:19,945 [INFO] IPUIPlugin:80 - create IPUIPlugin
2024-10-20 14:28:19,945 [INFO] PluginManager:220 - loadIPPluginJar : add i2c
2024-10-20 14:28:19,948 [INFO] IPUIPlugin:80 - create IPUIPlugin
2024-10-20 14:28:19,948 [INFO] PluginManager:220 - loadIPPluginJar : add i2s
2024-10-20 14:28:19,950 [INFO] IPUIPlugin:80 - create IPUIPlugin
2024-10-20 14:28:19,951 [INFO] PluginManager:220 - loadIPPluginJar : add i3c
2024-10-20 14:28:19,955 [INFO] IPUIPlugin:80 - create IPUIPlugin
2024-10-20 14:28:19,955 [INFO] PluginManager:220 - loadIPPluginJar : add ipddr
2024-10-20 14:28:19,961 [INFO] IPUIPlugin:80 - create IPUIPlugin
2024-10-20 14:28:19,961 [INFO] PluginManager:220 - loadIPPluginJar : add linkedlist
2024-10-20 14:28:19,964 [INFO] IPUIPlugin:80 - create IPUIPlugin
2024-10-20 14:28:19,964 [INFO] PluginManager:220 - loadIPPluginJar : add lorawan
2024-10-20 14:28:19,966 [INFO] IPUIPlugin:80 - create IPUIPlugin
2024-10-20 14:28:19,966 [INFO] PluginManager:220 - loadIPPluginJar : add ltdc
2024-10-20 14:28:19,971 [INFO] IPUIPlugin:80 - create IPUIPlugin
2024-10-20 14:28:19,971 [INFO] PluginManager:220 - loadIPPluginJar : add mdma
2024-10-20 14:28:19,974 [INFO] IPUIPlugin:80 - create IPUIPlugin
2024-10-20 14:28:19,974 [INFO] PluginManager:220 - loadIPPluginJar : add nvic
2024-10-20 14:28:19,976 [INFO] IPUIPlugin:80 - create IPUIPlugin
2024-10-20 14:28:19,976 [INFO] PluginManager:220 - loadIPPluginJar : add opamp
2024-10-20 14:28:19,979 [INFO] IPUIPlugin:80 - create IPUIPlugin
2024-10-20 14:28:19,979 [INFO] PluginManager:220 - loadIPPluginJar : add openamp
2024-10-20 14:28:19,981 [INFO] IPUIPlugin:80 - create IPUIPlugin
2024-10-20 14:28:19,981 [INFO] PluginManager:220 - loadIPPluginJar : add pdm2pcm
2024-10-20 14:28:19,987 [INFO] IPUIPlugin:80 - create IPUIPlugin
2024-10-20 14:28:19,991 [INFO] PluginManager:220 - loadIPPluginJar : add plateformsettings
2024-10-20 14:28:19,993 [INFO] IPUIPlugin:80 - create IPUIPlugin
2024-10-20 14:28:19,993 [INFO] PluginManager:220 - loadIPPluginJar : add quadspi
2024-10-20 14:28:19,994 [INFO] IPUIPlugin:80 - create IPUIPlugin
2024-10-20 14:28:19,995 [INFO] PluginManager:220 - loadIPPluginJar : add radio
2024-10-20 14:28:19,999 [INFO] IPUIPlugin:80 - create IPUIPlugin
2024-10-20 14:28:19,999 [INFO] PluginManager:220 - loadIPPluginJar : add resmgrutility
2024-10-20 14:28:20,003 [INFO] IPUIPlugin:80 - create IPUIPlugin
2024-10-20 14:28:20,003 [INFO] PluginManager:220 - loadIPPluginJar : add sai
2024-10-20 14:28:20,006 [INFO] IPUIPlugin:80 - create IPUIPlugin
2024-10-20 14:28:20,006 [INFO] PluginManager:220 - loadIPPluginJar : add spi
2024-10-20 14:28:20,010 [INFO] IPUIPlugin:80 - create IPUIPlugin
2024-10-20 14:28:20,010 [INFO] PluginManager:220 - loadIPPluginJar : add stm32_wpan
2024-10-20 14:28:20,011 [INFO] IPUIPlugin:80 - create IPUIPlugin
2024-10-20 14:28:20,011 [INFO] PluginManager:220 - loadIPPluginJar : add tim
2024-10-20 14:28:20,014 [INFO] IPUIPlugin:80 - create IPUIPlugin
2024-10-20 14:28:20,014 [INFO] PluginManager:220 - loadIPPluginJar : add touchsensing
2024-10-20 14:28:20,016 [INFO] IPUIPlugin:80 - create IPUIPlugin
2024-10-20 14:28:20,016 [INFO] PluginManager:220 - loadIPPluginJar : add tracer_emb
2024-10-20 14:28:20,017 [INFO] IPUIPlugin:80 - create IPUIPlugin
2024-10-20 14:28:20,017 [INFO] PluginManager:220 - loadIPPluginJar : add ts
2024-10-20 14:28:20,018 [INFO] IPUIPlugin:80 - create IPUIPlugin
2024-10-20 14:28:20,018 [INFO] PluginManager:220 - loadIPPluginJar : add tsc
2024-10-20 14:28:20,019 [INFO] IPUIPlugin:80 - create IPUIPlugin
2024-10-20 14:28:20,020 [INFO] PluginManager:220 - loadIPPluginJar : add ucpd
2024-10-20 14:28:20,022 [INFO] IPUIPlugin:80 - create IPUIPlugin
2024-10-20 14:28:20,022 [INFO] PluginManager:220 - loadIPPluginJar : add usart
2024-10-20 14:28:20,024 [INFO] IPUIPlugin:80 - create IPUIPlugin
2024-10-20 14:28:20,024 [INFO] PluginManager:220 - loadIPPluginJar : add usbx
2024-10-20 14:28:20,137 [INFO] CADModel:165 - CPN selected for project level
2024-10-20 14:28:20,137 [INFO] CADModel:114 - Register for checkConnection events
2024-10-20 14:28:20,137 [FATAL] Updater:334 - Updater called before beeing initialized
2024-10-20 14:28:20,138 [ERROR] CADModel:125 - Updater not yet initialized, retry later 
2024-10-20 14:28:20,240 [INFO] CADModel:165 - CPN selected for project level
2024-10-20 14:28:20,240 [INFO] CADModel:114 - Register for checkConnection events
2024-10-20 14:28:20,240 [FATAL] Updater:334 - Updater called before beeing initialized
2024-10-20 14:28:20,240 [ERROR] CADModel:125 - Updater not yet initialized, retry later 
2024-10-20 14:28:20,243 [FATAL] Updater:334 - Updater called before beeing initialized
2024-10-20 14:28:20,343 [FATAL] Updater:334 - Updater called before beeing initialized
2024-10-20 14:28:20,347 [INFO] DbMcusAds:53 - JSON generation date=Fri Sep 20 10:04:38 BRT 2024 (1726837478367)
2024-10-20 14:28:20,347 [FATAL] Updater:334 - Updater called before beeing initialized
2024-10-20 14:28:20,370 [WARN] DetailPanel:346 - Failed to get advertising image, set to default
2024-10-20 14:28:20,428 [FATAL] Updater:334 - Updater called before beeing initialized
2024-10-20 14:28:20,430 [FATAL] Updater:334 - Updater called before beeing initialized
2024-10-20 14:28:20,430 [FATAL] Updater:334 - Updater called before beeing initialized
2024-10-20 14:28:20,430 [WARN] DetailPanel:346 - Failed to get advertising image, set to default
2024-10-20 14:28:20,431 [FATAL] Updater:334 - Updater called before beeing initialized
2024-10-20 14:28:20,468 [ERROR] Updater:1164 - MainUpdater not yet initialized. External WinMGr cannot be set.
2024-10-20 14:28:20,469 [INFO] Updater:1100 - Updater Version found : 6.12.1
2024-10-20 14:28:20,483 [INFO] ApplicationProperties:184 - Using Application install path: C:\ST\STM32CubeIDE_1.16.1\STM32CubeIDE\plugins\com.st.stm32cube.common.mx_6.12.1.202409122256
2024-10-20 14:28:22,053 [ERROR] LogOutputStream:75 - [STDERR_REDIRECT] Oct 20, 2024 2:28:22 PM java.util.prefs.WindowsPreferences <init>
2024-10-20 14:28:22,055 [ERROR] LogOutputStream:75 - [STDERR_REDIRECT] WARNING: Could not open/create prefs root node Software\JavaSoft\Prefs at root 0xffffffff80000002. Windows RegCreateKeyEx(...) returned error code 5.
2024-10-20 14:28:22,055 [ERROR] LogOutputStream:75 - [STDERR_REDIRECT] 
2024-10-20 14:28:22,283 [INFO] MainUpdater:2873 - connection check result : 10
2024-10-20 14:28:22,283 [INFO] MainUpdater:290 - Updater Check For Update Now.
2024-10-20 14:28:22,284 [INFO] MicroXplorer:498 - Change Database Version : DB.6.0.121
2024-10-20 14:28:22,292 [INFO] McuFinderGlobals:63 - Set McuFinder mode to 2 (CubeIDE integrated)
2024-10-20 14:28:22,292 [INFO] UserAuth:417 - Internet connection configuration mode: 1
2024-10-20 14:28:22,323 [INFO] JxBrowserEngine:152 - Initiate JxBrowser Engine with user profile folder
2024-10-20 14:28:22,451 [INFO] CheckServerUpdateThread:120 - End of CheckServer Thread
2024-10-20 14:28:22,670 [WARN] PackLoader:240 - Cannot read IP mode file for STMicroelectronics.FP-SNS-MOTENVWB1.1.4.0
2024-10-20 14:28:22,690 [WARN] PackLoader:240 - Cannot read IP mode file for STMicroelectronics.X-CUBE-SMBUS.2.1.0
2024-10-20 14:28:22,715 [WARN] PackLoader:240 - Cannot read IP mode file for STMicroelectronics.X-CUBE-WB05N.1.1.0
2024-10-20 14:28:22,763 [WARN] PackLoader:240 - Cannot read IP mode file for STMicroelectronics.X-CUBE-AZRTOS-F7.1.1.0
2024-10-20 14:28:22,841 [WARN] PackLoader:240 - Cannot read IP mode file for STMicroelectronics.X-CUBE-MEMS1.11.0.0
2024-10-20 14:28:22,919 [WARN] PackLoader:240 - Cannot read IP mode file for STMicroelectronics.FP-SNS-FLIGHT1.5.0.2
2024-10-20 14:28:22,925 [WARN] PackLoader:240 - Cannot read IP mode file for STMicroelectronics.X-CUBE-DISPLAY.3.0.0
2024-10-20 14:28:22,929 [WARN] PackLoader:240 - Cannot read IP mode file for STMicroelectronics.X-CUBE-BLE1.7.0.0
2024-10-20 14:28:22,933 [WARN] PackLoader:240 - Cannot read IP mode file for STMicroelectronics.X-CUBE-NFC10.1.0.0
2024-10-20 14:28:22,937 [WARN] PackLoader:240 - Cannot read IP mode file for emotas.I-CUBE-CANOPEN.1.3.0
2024-10-20 14:28:22,942 [WARN] PackLoader:240 - Cannot read IP mode file for STMicroelectronics.X-CUBE-BLEMGR.3.1.0
2024-10-20 14:28:22,946 [WARN] PackLoader:240 - Cannot read IP mode file for STMicroelectronics.FP-SNS-SMARTAG2.1.2.0
2024-10-20 14:28:22,960 [INFO] LogOutputStream:77 - [STDOUT_REDIRECT] 1 : Invalid condition id : UX_CORESTACK_Condition cause : null
2024-10-20 14:28:22,961 [INFO] LogOutputStream:77 - [STDOUT_REDIRECT] 1 : Invalid condition id : UX_CORESTACK_Condition cause : null
2024-10-20 14:28:22,962 [INFO] LogOutputStream:77 - [STDOUT_REDIRECT] 1 : Invalid condition id : UX_CORESTACK_Condition cause : null
2024-10-20 14:28:22,963 [INFO] LogOutputStream:77 - [STDOUT_REDIRECT] 1 : Invalid condition id : UX_CORESTACK_Condition cause : null
2024-10-20 14:28:22,964 [INFO] LogOutputStream:77 - [STDOUT_REDIRECT] 1 : Invalid condition id : UX_CORESTACK_Condition cause : null
2024-10-20 14:28:22,966 [WARN] PackLoader:240 - Cannot read IP mode file for STMicroelectronics.X-CUBE-AZRTOS-WL.2.0.0
2024-10-20 14:28:22,970 [WARN] PackLoader:240 - Cannot read IP mode file for STMicroelectronics.FP-SNS-MOTENV1.5.0.0
2024-10-20 14:28:22,973 [WARN] PackLoader:240 - Cannot read IP mode file for wolfSSL.I-CUBE-wolfMQTT.1.19.0
2024-10-20 14:28:22,980 [WARN] PackLoader:240 - Cannot read IP mode file for WES.I-CUBE-Cesium.1.3.0
2024-10-20 14:28:22,985 [WARN] PackLoader:240 - Cannot read IP mode file for STMicroelectronics.X-CUBE-BLE2.3.3.0
2024-10-20 14:28:22,989 [WARN] PackLoader:240 - Cannot read IP mode file for STMicroelectronics.X-CUBE-NFC9.1.0.0
2024-10-20 14:28:22,994 [WARN] PackLoader:240 - Cannot read IP mode file for STMicroelectronics.X-CUBE-TCPP.4.1.0
2024-10-20 14:28:23,002 [WARN] PackLoader:240 - Cannot read IP mode file for STMicroelectronics.X-CUBE-AZRTOS-G0.1.1.0
2024-10-20 14:28:23,007 [WARN] PackLoader:240 - Cannot read IP mode file for STMicroelectronics.X-CUBE-SAFEA1.1.2.2
2024-10-20 14:28:23,012 [WARN] PackLoader:240 - Cannot read IP mode file for STMicroelectronics.X-CUBE-NFC4.3.0.0
2024-10-20 14:28:23,021 [WARN] PackLoader:240 - Cannot read IP mode file for EmbeddedOffice.I-CUBE-FS-RTOS.1.0.1
2024-10-20 14:28:23,022 [ERROR] ConditionMgr:805 - Attr not supported : Dmpu
2024-10-20 14:28:23,022 [ERROR] ConditionMgr:805 - Attr not supported : Dmpu
2024-10-20 14:28:23,022 [ERROR] ConditionMgr:805 - Attr not supported : Dmpu
2024-10-20 14:28:23,022 [ERROR] ConditionMgr:805 - Attr not supported : Dmpu
2024-10-20 14:28:23,022 [ERROR] ConditionMgr:805 - Attr not supported : Dmpu
2024-10-20 14:28:23,022 [ERROR] ConditionMgr:805 - Attr not supported : Dmpu
2024-10-20 14:28:23,022 [ERROR] ConditionMgr:805 - Attr not supported : Dmpu
2024-10-20 14:28:23,022 [ERROR] ConditionMgr:805 - Attr not supported : Dmpu
2024-10-20 14:28:23,022 [ERROR] ConditionMgr:805 - Attr not supported : Dmpu
2024-10-20 14:28:23,022 [ERROR] ConditionMgr:805 - Attr not supported : Dmpu
2024-10-20 14:28:23,022 [ERROR] ConditionMgr:805 - Attr not supported : Dmpu
2024-10-20 14:28:23,022 [ERROR] ConditionMgr:805 - Attr not supported : Dmpu
2024-10-20 14:28:23,022 [ERROR] ConditionMgr:805 - Attr not supported : Dmpu
2024-10-20 14:28:23,023 [ERROR] ConditionMgr:805 - Attr not supported : Dmpu
2024-10-20 14:28:23,023 [ERROR] ConditionMgr:805 - Attr not supported : Dmpu
2024-10-20 14:28:23,023 [ERROR] ConditionMgr:805 - Attr not supported : Dmpu
2024-10-20 14:28:23,023 [ERROR] ConditionMgr:805 - Attr not supported : Dmpu
2024-10-20 14:28:23,023 [ERROR] ConditionMgr:805 - Attr not supported : Dmpu
2024-10-20 14:28:23,023 [ERROR] ConditionMgr:805 - Attr not supported : Dmpu
2024-10-20 14:28:23,023 [ERROR] ConditionMgr:805 - Attr not supported : Dmpu
2024-10-20 14:28:23,023 [ERROR] ConditionMgr:805 - Attr not supported : Dmpu
2024-10-20 14:28:23,023 [ERROR] ConditionMgr:805 - Attr not supported : Dmpu
2024-10-20 14:28:23,023 [ERROR] ConditionMgr:805 - Attr not supported : Dmpu
2024-10-20 14:28:23,023 [ERROR] ConditionMgr:805 - Attr not supported : Dmpu
2024-10-20 14:28:23,023 [ERROR] ConditionMgr:805 - Attr not supported : Dmpu
2024-10-20 14:28:23,024 [ERROR] ConditionMgr:805 - Attr not supported : Dmpu
2024-10-20 14:28:23,024 [ERROR] ConditionMgr:805 - Attr not supported : Dmpu
2024-10-20 14:28:23,024 [ERROR] ConditionMgr:805 - Attr not supported : Dmpu
2024-10-20 14:28:23,024 [ERROR] ConditionMgr:805 - Attr not supported : Dmpu
2024-10-20 14:28:23,024 [ERROR] ConditionMgr:805 - Attr not supported : Dmpu
2024-10-20 14:28:23,024 [ERROR] ConditionMgr:805 - Attr not supported : Dmpu
2024-10-20 14:28:23,024 [ERROR] ConditionMgr:805 - Attr not supported : Dmpu
2024-10-20 14:28:23,024 [ERROR] ConditionMgr:805 - Attr not supported : Dmpu
2024-10-20 14:28:23,025 [ERROR] ConditionMgr:805 - Attr not supported : Dmpu
2024-10-20 14:28:23,025 [ERROR] ConditionMgr:805 - Attr not supported : Dmpu
2024-10-20 14:28:23,025 [ERROR] ConditionMgr:805 - Attr not supported : Dmpu
2024-10-20 14:28:23,025 [ERROR] ConditionMgr:805 - Attr not supported : Dmpu
2024-10-20 14:28:23,025 [ERROR] ConditionMgr:805 - Attr not supported : Dmpu
2024-10-20 14:28:23,025 [ERROR] ConditionMgr:805 - Attr not supported : Dmpu
2024-10-20 14:28:23,025 [ERROR] ConditionMgr:805 - Attr not supported : Dmpu
2024-10-20 14:28:23,025 [ERROR] ConditionMgr:805 - Attr not supported : Dmpu
2024-10-20 14:28:23,025 [ERROR] ConditionMgr:805 - Attr not supported : Dmpu
2024-10-20 14:28:23,025 [ERROR] ConditionMgr:805 - Attr not supported : Dmpu
2024-10-20 14:28:23,025 [ERROR] ConditionMgr:805 - Attr not supported : Dmpu
2024-10-20 14:28:23,025 [ERROR] ConditionMgr:805 - Attr not supported : Dmpu
2024-10-20 14:28:23,025 [ERROR] ConditionMgr:805 - Attr not supported : Dmpu
2024-10-20 14:28:23,025 [ERROR] ConditionMgr:805 - Attr not supported : Dmpu
2024-10-20 14:28:23,025 [ERROR] ConditionMgr:805 - Attr not supported : Dmpu
2024-10-20 14:28:23,027 [ERROR] ConditionMgr:805 - Attr not supported : Dmpu
2024-10-20 14:28:23,027 [ERROR] ConditionMgr:805 - Attr not supported : Dmpu
2024-10-20 14:28:23,027 [ERROR] ConditionMgr:805 - Attr not supported : Dmpu
2024-10-20 14:28:23,027 [ERROR] ConditionMgr:805 - Attr not supported : Dmpu
2024-10-20 14:28:23,027 [ERROR] ConditionMgr:805 - Attr not supported : Dmpu
2024-10-20 14:28:23,027 [ERROR] ConditionMgr:805 - Attr not supported : Dmpu
2024-10-20 14:28:23,027 [ERROR] ConditionMgr:805 - Attr not supported : Dmpu
2024-10-20 14:28:23,027 [ERROR] ConditionMgr:805 - Attr not supported : Dmpu
2024-10-20 14:28:23,027 [ERROR] ConditionMgr:805 - Attr not supported : Dmpu
2024-10-20 14:28:23,027 [ERROR] ConditionMgr:805 - Attr not supported : Dmpu
2024-10-20 14:28:23,028 [ERROR] ConditionMgr:805 - Attr not supported : Dmpu
2024-10-20 14:28:23,028 [ERROR] ConditionMgr:805 - Attr not supported : Dmpu
2024-10-20 14:28:23,028 [ERROR] ConditionMgr:805 - Attr not supported : Dmpu
2024-10-20 14:28:23,028 [ERROR] ConditionMgr:805 - Attr not supported : Dmpu
2024-10-20 14:28:23,028 [ERROR] ConditionMgr:805 - Attr not supported : Dmpu
2024-10-20 14:28:23,028 [ERROR] ConditionMgr:805 - Attr not supported : Dmpu
2024-10-20 14:28:23,032 [WARN] PackLoader:240 - Cannot read IP mode file for RealThread.X-CUBE-RT-Thread_Nano.4.1.1
2024-10-20 14:28:23,036 [WARN] PackLoader:240 - Cannot read IP mode file for STMicroelectronics.FP-ATR-SIGFOX1.3.2.0
2024-10-20 14:28:23,039 [WARN] PackLoader:240 - Cannot read IP mode file for wolfSSL.I-CUBE-wolfSSL.5.7.2
2024-10-20 14:28:23,044 [WARN] PackLoader:240 - Cannot read IP mode file for STMicroelectronics.X-CUBE-EEPRMA1.5.1.0
2024-10-20 14:28:23,051 [WARN] PackLoader:240 - Cannot read IP mode file for ITTIA_DB.I-CUBE-ITTIADB.8.9.0
2024-10-20 14:28:23,072 [WARN] PackLoader:240 - Cannot read IP mode file for SEGGER.I-CUBE-embOS.1.3.1
2024-10-20 14:28:23,093 [WARN] PackLoader:240 - Cannot read IP mode file for STMicroelectronics.X-CUBE-ALGOBUILD.1.4.0
2024-10-20 14:28:23,096 [WARN] PackLoader:240 - Cannot read IP mode file for STMicroelectronics.X-CUBE-AI.9.1.0
2024-10-20 14:28:23,101 [WARN] PackLoader:240 - Cannot read IP mode file for STMicroelectronics.X-CUBE-GNSS1.6.0.0
2024-10-20 14:28:23,109 [WARN] PackLoader:240 - Cannot read IP mode file for STMicroelectronics.X-CUBE-AZRTOS-F4.1.1.0
2024-10-20 14:28:23,113 [WARN] PackLoader:240 - Cannot read IP mode file for STMicroelectronics.X-CUBE-ISPU.2.1.0
2024-10-20 14:28:23,116 [WARN] PackLoader:240 - Cannot read IP mode file for STMicroelectronics.X-CUBE-FREERTOS.1.2.0
2024-10-20 14:28:23,126 [WARN] PackLoader:240 - Cannot read IP mode file for STMicroelectronics.X-CUBE-AZRTOS-L5.2.0.0
2024-10-20 14:28:23,131 [WARN] PackLoader:240 - Cannot read IP mode file for STMicroelectronics.X-CUBE-NFC6.3.1.0
2024-10-20 14:28:23,136 [WARN] PackLoader:240 - Cannot read IP mode file for STMicroelectronics.X-CUBE-DPower.1.2.0
2024-10-20 14:28:23,138 [WARN] PackLoader:240 - Cannot read IP mode file for STMicroelectronics.X-CUBE-AI.9.0.0
2024-10-20 14:28:23,141 [WARN] PackLoader:240 - Cannot read IP mode file for STMicroelectronics.X-CUBE-NFC7.1.0.1
2024-10-20 14:28:23,150 [WARN] ConditionMgr:438 - getConditionDescription Invalid condition id : LAN8742 Phy interface Condition cause : null
2024-10-20 14:28:23,151 [WARN] PackLoader:240 - Cannot read IP mode file for STMicroelectronics.X-CUBE-AZRTOS-L4.2.0.0
2024-10-20 14:28:23,152 [WARN] ConditionMgr:1039 - genDependencies : Invalid condition id : LAN8742 Phy interface Condition cause : null
2024-10-20 14:28:23,152 [WARN] ConditionMgr:1039 - genDependencies : Invalid condition id : LAN8742 Phy interface Condition cause : null
2024-10-20 14:28:23,152 [WARN] ConditionMgr:1039 - genDependencies : Invalid condition id : LAN8742 Phy interface Condition cause : null
2024-10-20 14:28:23,157 [WARN] PackLoader:240 - Cannot read IP mode file for STMicroelectronics.X-CUBE-SFXS2LP1.4.0.0
2024-10-20 14:28:23,175 [WARN] PackLoader:240 - Cannot read IP mode file for STMicroelectronics.X-CUBE-AZRTOS-H7.3.3.0
2024-10-20 14:28:23,183 [WARN] PackLoader:240 - Cannot read IP mode file for STMicroelectronics.X-CUBE-IPS.3.0.0
2024-10-20 14:28:23,191 [WARN] ConditionMgr:438 - getConditionDescription Invalid condition id : UX DEVICE CLASS RTOS Condition cause : null
2024-10-20 14:28:23,191 [WARN] ConditionMgr:438 - getConditionDescription Invalid condition id : UX DEVICE CLASS RTOS Condition cause : null
2024-10-20 14:28:23,192 [WARN] PackLoader:240 - Cannot read IP mode file for STMicroelectronics.X-CUBE-AZRTOS-WB.2.0.0
2024-10-20 14:28:23,192 [WARN] ConditionMgr:1039 - genDependencies : Invalid condition id : UX DEVICE CLASS RTOS Condition cause : null
2024-10-20 14:28:23,192 [WARN] ConditionMgr:1039 - genDependencies : Invalid condition id : UX DEVICE CLASS RTOS Condition cause : null
2024-10-20 14:28:23,193 [WARN] ConditionMgr:1039 - genDependencies : Invalid condition id : UX DEVICE CLASS RTOS Condition cause : null
2024-10-20 14:28:23,193 [WARN] ConditionMgr:1039 - genDependencies : Invalid condition id : UX DEVICE CLASS RTOS Condition cause : null
2024-10-20 14:28:23,193 [WARN] ConditionMgr:1039 - genDependencies : Invalid condition id : UX DEVICE CLASS RTOS Condition cause : null
2024-10-20 14:28:23,196 [WARN] PackLoader:240 - Cannot read IP mode file for STMicroelectronics.X-CUBE-GNSS1.7.0.0
2024-10-20 14:28:23,199 [WARN] PackLoader:240 - Cannot read IP mode file for STMicroelectronics.FP-SNS-STBOX1.2.0.0
2024-10-20 14:28:23,205 [WARN] PackLoader:240 - Cannot read IP mode file for STMicroelectronics.X-CUBE-SUBG2.5.0.0
2024-10-20 14:28:23,210 [WARN] PackLoader:240 - Cannot read IP mode file for Cesanta.I-CUBE-Mongoose.7.13.0
2024-10-20 14:28:23,216 [WARN] PackLoader:240 - Cannot read IP mode file for STMicroelectronics.X-CUBE-AZRTOS-G4.2.0.0
2024-10-20 14:28:23,219 [WARN] PackLoader:240 - Cannot read IP mode file for STMicroelectronics.X-CUBE-ISPU.2.0.0
2024-10-20 14:28:23,223 [WARN] PackLoader:240 - Cannot read IP mode file for STMicroelectronics.X-CUBE-ALS.1.0.2
2024-10-20 14:28:23,228 [WARN] PackLoader:240 - Cannot read IP mode file for STMicroelectronics.X-CUBE-TOUCHGFX.4.24.0
2024-10-20 14:28:23,230 [WARN] PackLoader:240 - Cannot read IP mode file for STMicroelectronics.X-CUBE-TOUCHGFX.4.24.1
2024-10-20 14:28:23,233 [WARN] PackLoader:240 - Cannot read IP mode file for wolfSSL.I-CUBE-wolfTPM.3.4.0
2024-10-20 14:28:23,236 [WARN] PackLoader:240 - Cannot read IP mode file for portGmbH.I-Cube-SoM-uGOAL.1.1.0
2024-10-20 14:28:23,245 [WARN] PackLoader:240 - Cannot read IP mode file for STMicroelectronics.X-CUBE-AZRTOS-H7RS.1.0.0
2024-10-20 14:28:23,249 [WARN] PackLoader:240 - Cannot read IP mode file for STMicroelectronics.FP-ATR-ASTRA1.2.0.0
2024-10-20 14:28:23,253 [WARN] PackLoader:240 - Cannot read IP mode file for STMicroelectronics.X-CUBE-TOF1.3.4.2
2024-10-20 14:28:23,268 [WARN] PackLoader:240 - Cannot read IP mode file for Infineon.AIROC-Wi-Fi-Bluetooth-STM32.1.6.1
2024-10-20 14:28:23,274 [WARN] PackLoader:240 - Cannot read IP mode file for wolfSSL.I-CUBE-wolfSSH.1.4.17
2024-10-20 14:28:23,274 [INFO] ThirdParty:978 - Integrity check success = true
2024-10-20 14:28:23,275 [INFO] IntegrityCheckThread:100 - exiting critical section [integrity check]
2024-10-20 14:28:23,275 [INFO] IntegrityCheckThread:103 - End integrity checks thread
2024-10-20 14:28:23,464 [INFO] WebApp:167 - Instantiating new browser for Auth
2024-10-20 14:28:24,197 [INFO] WebApp:448 - Apply proxy settings
2024-10-20 14:28:24,198 [INFO] WebApp:533 - Chromium requires no authentication
2024-10-20 14:28:24,204 [INFO] WebApp:476 - Direct internet connection detected
2024-10-20 14:28:24,218 [INFO] WebApp:869 - Register for checkConnection events
2024-10-20 14:28:24,218 [INFO] WebApp:448 - Apply proxy settings
2024-10-20 14:28:24,219 [INFO] WebApp:533 - Chromium requires no authentication
2024-10-20 14:28:24,219 [INFO] WebApp:476 - Direct internet connection detected
2024-10-20 14:28:24,324 [INFO] WebApp:220 - Starting web application
2024-10-20 14:28:24,325 [INFO] WebApp:578 - Web application path used C:\ST\STM32CubeIDE_1.16.1\STM32CubeIDE\plugins\com.st.stm32cube.common.mx_6.12.1.202409122256\db\plugins\mcufinder\reactClient1\index.html
2024-10-20 14:28:24,387 [INFO] UserAuth:417 - Internet connection configuration mode: 1
2024-10-20 14:28:24,560 [INFO] WebApp:186 - Connection restablished
2024-10-20 14:28:52,233 [INFO] McuFinderGlobals:63 - Set McuFinder mode to 2 (CubeIDE integrated)
2024-10-20 14:28:52,234 [INFO] MainUpdater:2873 - connection check result : 10
2024-10-20 14:28:52,530 [INFO] ApiDb:581 - Connected to CubeFinder SQLite database (C:\Users\erick\.stmcufinder\plugins\mcufinder\mcu\cube-finder-db.db)
2024-10-20 14:28:52,576 [INFO] ApiDb:668 - CubeFinder database Data Model version=2.1
2024-10-20 14:28:52,576 [INFO] ApiDb:669 - CubeFinder database Configuration version=3.0.39
2024-10-20 14:28:52,576 [INFO] ApiDb:670 - CubeFinder database generation date=2024-09-16 (1726485674)
2024-10-20 14:28:52,577 [INFO] ApiDb:671 - CubeFinder database FW Pack versions=[FP-ATR-ASTRA1_V2.0.0, FP-SNS-FLIGHT1_V5.0.2, FP-SNS-MOTENV1_V5.0.0, FP-SNS-MOTENVWB1_V1.4.0, FP-SNS-SMARTAG2_V1.2.0, FP-SNS-STBOX1_V2.0.0, STM32Cube_FW_C0_V1.2.0, STM32Cube_FW_F4_V1.28.1, STM32Cube_FW_F7_V1.17.2, STM32Cube_FW_G0_V1.6.2, STM32Cube_FW_G4_V1.6.0, STM32Cube_FW_H5_V1.3.0, STM32Cube_FW_H7RS_V1.1.0, STM32Cube_FW_H7_V1.11.2, STM32Cube_FW_L0_V1.12.2, STM32Cube_FW_L5_V1.5.1, STM32Cube_FW_U0_V1.1.0, STM32Cube_FW_U5_V1.6.0, STM32Cube_FW_WB0_V1.0.0, STM32Cube_FW_WBA_V1.4.1, STM32Cube_FW_WB_V1.20.0, STM32Cube_FW_WL_V1.3.0, X-CUBE-ALGOBUILD_V1.4.0, X-CUBE-ALS_V1.0.2, X-CUBE-AZRTOS-F4_V1.1.0, X-CUBE-AZRTOS-F7_V1.1.0, X-CUBE-AZRTOS-G0_V1.1.0, X-CUBE-AZRTOS-G4_V2.0.0, X-CUBE-AZRTOS-H7RS_V1.0.0, X-CUBE-AZRTOS-H7_V3.2.0, X-CUBE-AZRTOS-L4_V2.0.0, X-CUBE-AZRTOS-L5_V2.0.0, X-CUBE-AZRTOS-WB_V2.0.0, X-CUBE-AZRTOS-WL_V2.0.0, X-CUBE-BLE1_V7.0.0, X-CUBE-BLE2_V3.3.0, X-CUBE-BLEMGR_V3.1.0, X-CUBE-EEPRMA1_V5.1.0, X-CUBE-FREERTOS_V1.2.0, X-CUBE-GNSS1_V6.0.0, X-CUBE-MEMS1_V11.0.0, X-CUBE-NFC4_V3.0.0, X-CUBE-NFC7_V1.0.1, X-CUBE-SFXS2LP1_V4.0.0, X-CUBE-SUBG2_V5.0.0, X-CUBE-TOF1_V3.4.2]
2024-10-20 14:28:52,635 [INFO] DbBoardsSqlite:226 - include board P-NUCLEO-WB55-NUCLEO as a kit item of type 'Nucleo-64'
2024-10-20 14:28:52,635 [INFO] DbBoardsSqlite:226 - include board P-NUCLEO-WB55-USBDONGLE as a kit item of type 'Nucleo USB Dongle'
2024-10-20 14:28:52,635 [INFO] DbBoardsSqlite:226 - include board STEVAL-IDP005V1 as a kit item of type 'Evaluation Board'
2024-10-20 14:28:52,635 [INFO] DbBoardsSqlite:226 - include board STEVAL-IDP005V2 as a kit item of type 'Evaluation Board'
2024-10-20 14:28:52,677 [INFO] ApiDb:240 - Found 646 in-development CPN: [B-G473E-ZEST1S, B-WB1M-WPAN1, B-WL5M-SUBG1, NUCLEO-C031C6, NUCLEO-C071RB, NUCLEO-H503RB, NUCLEO-H533RE, NUCLEO-H563ZI, NUCLEO-H7S3L8, NUCLEO-U031R8, NUCLEO-U083RC, NUCLEO-U545RE-Q, NUCLEO-U5A5ZJ-Q, NUCLEO-WB05KZ, NUCLEO-WB07CC, NUCLEO-WB09KE, NUCLEO-WBA52CG, NUCLEO-WBA55CG, STEVAL-PROTEUS1, STEVAL-SMARTAG2, STEVAL-STWINBX1, STM320518-EVAL, STM32C0116-DK, STM32C011D6Y3TR, STM32C011D6Y6TR, STM32C011F4P3, STM32C011F4P6, STM32C011F4U3, STM32C011F4U6TR, STM32C011F6P3, STM32C011F6P6, STM32C011F6U3, STM32C011F6U6TR, STM32C011J4M3, STM32C011J4M6, STM32C011J6M3, STM32C011J6M6, STM32C0316-DK, STM32C031C4T3, STM32C031C4T6, STM32C031C4U3, STM32C031C4U6, STM32C031C6T3, STM32C031C6T6, STM32C031C6U3, STM32C031C6U6, STM32C031F4P3, STM32C031F4P6, STM32C031F6P3, STM32C031F6P6, STM32C031G4U3, STM32C031G4U6, STM32C031G6U3, STM32C031G6U6, STM32C031K4T3, STM32C031K4T6, STM32C031K4U3, STM32C031K4U6, STM32C031K6T3, STM32C031K6T6, STM32C031K6U3, STM32C031K6U6, STM32C071C8T6, STM32C071C8T6N, STM32C071C8U6, STM32C071C8U6N, STM32C071CBT6, STM32C071CBT6N, STM32C071CBU6, STM32C071CBU6N, STM32C071F8P6, STM32C071F8P6N, STM32C071FBP6, STM32C071FBP6N, STM32C071FBY6TR, STM32C071G8U6, STM32C071G8U6N, STM32C071GBU6, STM32C071GBU6N, STM32C071K8T6, STM32C071K8T6N, STM32C071K8U6, STM32C071K8U6N, STM32C071KBT6, STM32C071KBT6N, STM32C071KBU6, STM32C071KBU6N, STM32C071R8T6, STM32C071R8T6N, STM32C071RBI6N, STM32C071RBT6, STM32C071RBT6N, STM32G071K8TXN, STM32G071K8UXN, STM32G081GBU6N, STM32G081KBT6N, STM32G081KBUXN, STM32G0B1CCT6N, STM32G0B1KCT6, STM32G0B1NEY6TR, STM32G0B1RCT6N, STM32G0C1CCT6, STM32G0C1CCT6N, STM32G0C1CCU6N, STM32G0C1CET6N, STM32G0C1CEU6N, STM32G0C1KCT6, STM32G0C1NEY6TR, STM32G0C1RCI6N, STM32G0C1RCT6N, STM32G0C1REI6N, STM32G0C1RET6N, STM32G0C1VCI6, STM32G0C1VEI6, STM32G411C6T3, STM32G411C6T6, STM32G411C6U3, STM32G411C6U6, STM32G411C8T3, STM32G411C8T6, STM32G411C8U3, STM32G411C8U6, STM32G411CBT3, STM32G411CBT6, STM32G411CBU3, STM32G411CBU6, STM32G411K6T3, STM32G411K6T6, STM32G411K6U3, STM32G411K6U6, STM32G411K8T3, STM32G411K8T6, STM32G411K8U3, STM32G411K8U6, STM32G411KBT3, STM32G411KBT6, STM32G411KBU3, STM32G411KBU6, STM32G411M6T3, STM32G411M6T6, STM32G411M8T3, STM32G411M8T6, STM32G411MBT3, STM32G411MBT6, STM32G411R6T3, STM32G411R6T6, STM32G411R8T3, STM32G411R8T6, STM32G411RBT3, STM32G411RBT6, STM32G414CBT3, STM32G414CBT6, STM32G414CBU3, STM32G414CBU6, STM32G414CCT3, STM32G414CCT6, STM32G414CCU3, STM32G414CCU6, STM32G414MBT3, STM32G414MBT6, STM32G414MCT3, STM32G414MCT6, STM32G414RBT3, STM32G414RBT6, STM32G414RCT3, STM32G414RCT6, STM32G414VBT3, STM32G414VBT6, STM32G414VCT3, STM32G414VCT6, STM32G431CBT3Z, STM32G431RBT3Z, STM32G471CCT6, STM32G471CCU6, STM32G471CET3, STM32G471CET6, STM32G471CEU3, STM32G471CEU6, STM32G471MCT6, STM32G471MET3, STM32G471MET6, STM32G471MEY6TR, STM32G471QCT6, STM32G471QET3, STM32G471RCT6, STM32G471RET3, STM32G471RET6, STM32G471VCH6, STM32G471VCI6, STM32G471VCT6, STM32G471VEH3, STM32G471VEH6, STM32G471VEI3, STM32G471VEI6, STM32G471VET3, STM32G471VET6, STM32G473QET3Z, STM32G473RET3Z, STM32G474CCT6, STM32G491RET3Z, STM32H503CBT6, STM32H503CBU6, STM32H503EBY6TR, STM32H503KBU6, STM32H503RBT6, STM32H523CCT6, STM32H523CCU6, STM32H523CET6, STM32H523CEU6, STM32H523HEY6TR, STM32H523RCT6, STM32H523RET6, STM32H523VCI6, STM32H523VCT6, STM32H523VEI6, STM32H523VET6, STM32H523ZCJ6, STM32H523ZCT6, STM32H523ZEJ6, STM32H523ZET6, STM32H533CET6, STM32H533CEU6, STM32H533HEY6TR, STM32H533RET6, STM32H533VEI6, STM32H533VET6, STM32H533ZEJ6, STM32H533ZET6, STM32H562AGI6, STM32H562AII6, STM32H562IGK6, STM32H562IGT6, STM32H562IIK6, STM32H562IIT6, STM32H562RGT6, STM32H562RGV6, STM32H562RIT6, STM32H562RIV6, STM32H562VGT6, STM32H562VIT6, STM32H562ZGT6, STM32H562ZIT6, STM32H563AGI6, STM32H563AII3Q, STM32H563AII6, STM32H563IGK6, STM32H563IGT6, STM32H563IIK3Q, STM32H563IIK6, STM32H563IIT3Q, STM32H563IIT6, STM32H563MIY3QTR, STM32H563RGT6, STM32H563RGV6, STM32H563RIT6, STM32H563RIV6, STM32H563VGT6, STM32H563VIT3Q, STM32H563VIT6, STM32H563ZGT6, STM32H563ZIT3Q, STM32H563ZIT6, STM32H573AII3Q, STM32H573AII6, STM32H573I-DK, STM32H573IIK3Q, STM32H573IIK6, STM32H573IIT3Q, STM32H573IIT6, STM32H573MIY3QTR, STM32H573RIT6, STM32H573RIV6, STM32H573VIT3Q, STM32H573VIT6, STM32H573ZIT3Q, STM32H573ZIT6, STM32H7R3A8I6, STM32H7R3I8K6, STM32H7R3I8T6, STM32H7R3L8H6, STM32H7R3L8H6H, STM32H7R3R8V6, STM32H7R3V8H6, STM32H7R3V8T6, STM32H7R3V8Y6TR, STM32H7R3Z8J6, STM32H7R3Z8T6, STM32H7R7A8I6, STM32H7R7I8K6, STM32H7R7I8T6, STM32H7R7L8H6, STM32H7R7L8H6H, STM32H7R7Z8J6, STM32H7S3A8I6, STM32H7S3I8K6, STM32H7S3I8T6, STM32H7S3L8H6, STM32H7S3L8H6H, STM32H7S3R8V6, STM32H7S3V8H6, STM32H7S3V8T6, STM32H7S3V8Y6TR, STM32H7S3Z8J6, STM32H7S3Z8T6, STM32H7S78-DK, STM32H7S7A8I6, STM32H7S7I8K6, STM32H7S7I8T6, STM32H7S7L8H6, STM32H7S7L8H6H, STM32H7S7Z8J6, STM32L4R5QGI6STR, STM32MP131AAE3, STM32MP131AAF3, STM32MP131AAG3, STM32MP131CAE3, STM32MP131CAF3, STM32MP131CAG3, STM32MP131DAE7, STM32MP131DAF7, STM32MP131DAG7, STM32MP131FAE7, STM32MP131FAF7, STM32MP131FAG7, STM32MP133AAE3, STM32MP133AAF3, STM32MP133AAG3, STM32MP133CAE3, STM32MP133CAF3, STM32MP133CAG3, STM32MP133DAE7, STM32MP133DAF7, STM32MP133DAG7, STM32MP133FAE7, STM32MP133FAF7, STM32MP133FAG7, STM32MP135AAE3, STM32MP135AAF3, STM32MP135AAG3, STM32MP135CAE3, STM32MP135CAF3, STM32MP135CAG3, STM32MP135DAE7, STM32MP135DAF7, STM32MP135DAG7, STM32MP135F-DK, STM32MP135FAE7, STM32MP135FAF7, STM32MP135FAF7T, STM32MP135FAF7U, STM32MP135FAG7, STM32MP251AAI3, STM32MP251AAK3, STM32MP251AAL3, STM32MP251CAI3, STM32MP251CAK3, STM32MP251CAL3, STM32MP251DAI3, STM32MP251DAK3, STM32MP251DAL3, STM32MP251FAI3, STM32MP251FAK3, STM32MP251FAL3, STM32MP253AAI3, STM32MP253AAK3, STM32MP253AAL3, STM32MP253CAI3, STM32MP253CAK3, STM32MP253CAL3, STM32MP253DAI3, STM32MP253DAK3, STM32MP253DAL3, STM32MP253FAI3, STM32MP253FAK3, STM32MP253FAL3, STM32MP255AAI3, STM32MP255AAK3, STM32MP255AAL3, STM32MP255CAI3, STM32MP255CAK3, STM32MP255CAL3, STM32MP255DAI3, STM32MP255DAK3, STM32MP255DAL3, STM32MP255FAI3, STM32MP255FAK3, STM32MP255FAL3, STM32MP257AAI3, STM32MP257AAK3, STM32MP257AAL3, STM32MP257CAI3, STM32MP257CAK3, STM32MP257CAL3, STM32MP257DAI3, STM32MP257DAK3, STM32MP257DAL3, STM32MP257F-DK, STM32MP257F-EV1, STM32MP257FAI3, STM32MP257FAK3, STM32MP257FAL3, STM32U031C6T6, STM32U031C6U6, STM32U031C8T6, STM32U031C8U6, STM32U031F4P6, STM32U031F6P6, STM32U031F8P6, STM32U031G6Y6TR, STM32U031G8Y6TR, STM32U031K4U6, STM32U031K6U6, STM32U031K8U6, STM32U031R6I6, STM32U031R6T6, STM32U031R8I6, STM32U031R8T6, STM32U073C8T6, STM32U073C8U6, STM32U073CBT6, STM32U073CBU6, STM32U073CCT6, STM32U073CCU6, STM32U073H8Y6TR, STM32U073HBY6TR, STM32U073HCY6TR, STM32U073K8U6, STM32U073KBU6, STM32U073KCU6, STM32U073M8I6, STM32U073M8T6, STM32U073MBI6, STM32U073MBT6, STM32U073MCI6, STM32U073MCT6, STM32U073R8I6, STM32U073R8T6, STM32U073RBI6, STM32U073RBT6, STM32U073RCI6, STM32U073RCT6, STM32U083C-DK, STM32U083CCT6, STM32U083CCU6, STM32U083HCY6TR, STM32U083KCU6, STM32U083MCI6, STM32U083MCT6, STM32U083RCI6, STM32U083RCT6, STM32U535CBT6, STM32U535CBT6Q, STM32U535CBU6, STM32U535CBU6Q, STM32U535CCT6, STM32U535CCT6Q, STM32U535CCU6, STM32U535CCU6Q, STM32U535CET6, STM32U535CET6Q, STM32U535CEU6, STM32U535CEU6Q, STM32U535JEY6QTR, STM32U535NCY6QTR, STM32U535NEY6QTR, STM32U535RBI6, STM32U535RBI6Q, STM32U535RBT6, STM32U535RBT6Q, STM32U535RCI6, STM32U535RCI6Q, STM32U535RCT6, STM32U535RCT6Q, STM32U535REI6, STM32U535REI6Q, STM32U535RET6, STM32U535RET6Q, STM32U535VCI6, STM32U535VCI6Q, STM32U535VCT6, STM32U535VCT6Q, STM32U535VEI6, STM32U535VEI6Q, STM32U535VET6, STM32U535VET6Q, STM32U545CET6, STM32U545CET6Q, STM32U545CEU6, STM32U545CEU6Q, STM32U545JEY6QTR, STM32U545NEY6QTR, STM32U545REI6, STM32U545REI6Q, STM32U545RET6, STM32U545RET6Q, STM32U545VEI6, STM32U545VEI6Q, STM32U545VET6, STM32U545VET6Q, STM32U595AIH6, STM32U595AIH6Q, STM32U595AJH6, STM32U595AJH6Q, STM32U595QII6, STM32U595QII6Q, STM32U595QJI6, STM32U595QJI6Q, STM32U595RIT6, STM32U595RIT6Q, STM32U595RJT6, STM32U595RJT6Q, STM32U595VIT6, STM32U595VIT6Q, STM32U595VJT6, STM32U595VJT6Q, STM32U595ZIT6, STM32U595ZIT6Q, STM32U595ZIY6QTR, STM32U595ZJT6, STM32U595ZJT6Q, STM32U595ZJY6QTR, STM32U599BJY6QTR, STM32U599NIH6Q, STM32U599NJH6Q, STM32U599VIT6Q, STM32U599VJT6, STM32U599VJT6Q, STM32U599ZIT6Q, STM32U599ZIY6QTR, STM32U599ZJT6Q, STM32U599ZJY6QTR, STM32U5A5AJH6, STM32U5A5AJH6Q, STM32U5A5QII3Q , STM32U5A5QJI6, STM32U5A5QJI6Q, STM32U5A5RJT6, STM32U5A5RJT6Q, STM32U5A5VJT6, STM32U5A5VJT6Q, STM32U5A5ZJT6, STM32U5A5ZJT6Q, STM32U5A5ZJY6QTR, STM32U5A9BJY6QTR, STM32U5A9J-DK, STM32U5A9NJH6Q, STM32U5A9VJT6Q, STM32U5A9ZJT6Q, STM32U5A9ZJY6QTR, STM32U5F7VIT6, STM32U5F7VIT6Q, STM32U5F7VJT6, STM32U5F7VJT6Q, STM32U5F9BJY6QTR, STM32U5F9NJH6Q, STM32U5F9VIT6Q, STM32U5F9VJT6Q, STM32U5F9ZIJ6QTR, STM32U5F9ZIT6Q, STM32U5F9ZJJ6QTR, STM32U5F9ZJT6Q, STM32U5G7VJT6, STM32U5G7VJT6Q, STM32U5G9BJY6QTR, STM32U5G9J-DK1, STM32U5G9J-DK2, STM32U5G9NJH6Q, STM32U5G9VJT6Q, STM32U5G9ZJJ6QTR, STM32U5G9ZJT6Q, STM32WB05KZV6TR, STM32WB05KZV7TR, STM32WB05TZF6TR, STM32WB05TZF7TR, STM32WB06CCF6TR, STM32WB06CCF7TR, STM32WB06CCV6TR, STM32WB06CCV7TR, STM32WB06KCV6TR, STM32WB06KCV7TR, STM32WB07CCF6TR, STM32WB07CCF7TR, STM32WB07CCV6TR, STM32WB07CCV7TR, STM32WB07KCV6TR, STM32WB07KCV7TR, STM32WB09KEV6TR, STM32WB09KEV7TR, STM32WB09TEF6TR, STM32WB09TEF7TR, STM32WB1MMCH6, STM32WBA50KGU6, STM32WBA50KGU6TR, STM32WBA52CEU6, STM32WBA52CEU6TR, STM32WBA52CEU7, STM32WBA52CEU7TR, STM32WBA52CGU6, STM32WBA52CGU6TR, STM32WBA52CGU6U, STM32WBA52CGU7, STM32WBA52CGU7TR, STM32WBA52KEU6, STM32WBA52KEU6TR, STM32WBA52KGU6, STM32WBA52KGU6TR, STM32WBA54CEU6, STM32WBA54CEU6TR, STM32WBA54CEU7, STM32WBA54CEU7TR, STM32WBA54CGU6, STM32WBA54CGU6TR, STM32WBA54CGU7, STM32WBA54CGU7TR, STM32WBA54KEU6, STM32WBA54KEU6TR, STM32WBA54KEU7, STM32WBA54KEU7TR, STM32WBA54KGU6, STM32WBA54KGU6TR, STM32WBA54KGU7, STM32WBA54KGU7TR, STM32WBA55CEU6, STM32WBA55CEU6TR, STM32WBA55CEU7, STM32WBA55CEU7TR, STM32WBA55CGU6, STM32WBA55CGU6TR, STM32WBA55CGU6U, STM32WBA55CGU7, STM32WBA55CGU7TR, STM32WBA55G-DK1, STM32WBA55HEF6, STM32WBA55HEF7, STM32WBA55HGF6, STM32WBA55HGF7, STM32WBA55UEI6, STM32WBA55UEI6TR, STM32WBA55UEI7, STM32WBA55UEI7TR, STM32WBA55UGI6, STM32WBA55UGI6TR, STM32WBA55UGI7, STM32WBA55UGI7TR, STM32WL5MOCH6, STM32WL5MOCH6TR]
2024-10-20 14:28:52,793 [INFO] BoardInfo:889 - No configuration file found for board P-NUCLEO-WB55
2024-10-20 14:28:52,794 [INFO] DbBoards:161 - Kit is not supported: P-NUCLEO-WB55
2024-10-20 14:28:52,798 [INFO] BoardInfo:889 - No configuration file found for board STEVAL-BFA001V1B
2024-10-20 14:28:52,798 [INFO] DbBoards:161 - Kit is not supported: STEVAL-BFA001V1B
2024-10-20 14:28:52,799 [INFO] BoardInfo:889 - No configuration file found for board STEVAL-BFA001V2B
2024-10-20 14:28:52,800 [INFO] DbBoards:161 - Kit is not supported: STEVAL-BFA001V2B
2024-10-20 14:28:52,905 [INFO] DbBoards:168 - Found 201 boards, 198 are supported
2024-10-20 14:28:52,905 [INFO] DbBoards:169 - Found 201 boards, 25 of them is supported for  Bsp
2024-10-20 14:28:52,907 [INFO] ApiDb:668 - CubeFinder database Data Model version=2.1
2024-10-20 14:28:52,907 [INFO] ApiDb:669 - CubeFinder database Configuration version=3.0.39
2024-10-20 14:28:52,907 [INFO] ApiDb:670 - CubeFinder database generation date=2024-09-16 (1726485674)
2024-10-20 14:28:52,908 [INFO] ApiDb:671 - CubeFinder database FW Pack versions=[FP-ATR-ASTRA1_V2.0.0, FP-SNS-FLIGHT1_V5.0.2, FP-SNS-MOTENV1_V5.0.0, FP-SNS-MOTENVWB1_V1.4.0, FP-SNS-SMARTAG2_V1.2.0, FP-SNS-STBOX1_V2.0.0, STM32Cube_FW_C0_V1.2.0, STM32Cube_FW_F4_V1.28.1, STM32Cube_FW_F7_V1.17.2, STM32Cube_FW_G0_V1.6.2, STM32Cube_FW_G4_V1.6.0, STM32Cube_FW_H5_V1.3.0, STM32Cube_FW_H7RS_V1.1.0, STM32Cube_FW_H7_V1.11.2, STM32Cube_FW_L0_V1.12.2, STM32Cube_FW_L5_V1.5.1, STM32Cube_FW_U0_V1.1.0, STM32Cube_FW_U5_V1.6.0, STM32Cube_FW_WB0_V1.0.0, STM32Cube_FW_WBA_V1.4.1, STM32Cube_FW_WB_V1.20.0, STM32Cube_FW_WL_V1.3.0, X-CUBE-ALGOBUILD_V1.4.0, X-CUBE-ALS_V1.0.2, X-CUBE-AZRTOS-F4_V1.1.0, X-CUBE-AZRTOS-F7_V1.1.0, X-CUBE-AZRTOS-G0_V1.1.0, X-CUBE-AZRTOS-G4_V2.0.0, X-CUBE-AZRTOS-H7RS_V1.0.0, X-CUBE-AZRTOS-H7_V3.2.0, X-CUBE-AZRTOS-L4_V2.0.0, X-CUBE-AZRTOS-L5_V2.0.0, X-CUBE-AZRTOS-WB_V2.0.0, X-CUBE-AZRTOS-WL_V2.0.0, X-CUBE-BLE1_V7.0.0, X-CUBE-BLE2_V3.3.0, X-CUBE-BLEMGR_V3.1.0, X-CUBE-EEPRMA1_V5.1.0, X-CUBE-FREERTOS_V1.2.0, X-CUBE-GNSS1_V6.0.0, X-CUBE-MEMS1_V11.0.0, X-CUBE-NFC4_V3.0.0, X-CUBE-NFC7_V1.0.1, X-CUBE-SFXS2LP1_V4.0.0, X-CUBE-SUBG2_V5.0.0, X-CUBE-TOF1_V3.4.2]
2024-10-20 14:28:54,264 [INFO] ApiDb:240 - Found 646 in-development CPN: [B-G473E-ZEST1S, B-WB1M-WPAN1, B-WL5M-SUBG1, NUCLEO-C031C6, NUCLEO-C071RB, NUCLEO-H503RB, NUCLEO-H533RE, NUCLEO-H563ZI, NUCLEO-H7S3L8, NUCLEO-U031R8, NUCLEO-U083RC, NUCLEO-U545RE-Q, NUCLEO-U5A5ZJ-Q, NUCLEO-WB05KZ, NUCLEO-WB07CC, NUCLEO-WB09KE, NUCLEO-WBA52CG, NUCLEO-WBA55CG, STEVAL-PROTEUS1, STEVAL-SMARTAG2, STEVAL-STWINBX1, STM320518-EVAL, STM32C0116-DK, STM32C011D6Y3TR, STM32C011D6Y6TR, STM32C011F4P3, STM32C011F4P6, STM32C011F4U3, STM32C011F4U6TR, STM32C011F6P3, STM32C011F6P6, STM32C011F6U3, STM32C011F6U6TR, STM32C011J4M3, STM32C011J4M6, STM32C011J6M3, STM32C011J6M6, STM32C0316-DK, STM32C031C4T3, STM32C031C4T6, STM32C031C4U3, STM32C031C4U6, STM32C031C6T3, STM32C031C6T6, STM32C031C6U3, STM32C031C6U6, STM32C031F4P3, STM32C031F4P6, STM32C031F6P3, STM32C031F6P6, STM32C031G4U3, STM32C031G4U6, STM32C031G6U3, STM32C031G6U6, STM32C031K4T3, STM32C031K4T6, STM32C031K4U3, STM32C031K4U6, STM32C031K6T3, STM32C031K6T6, STM32C031K6U3, STM32C031K6U6, STM32C071C8T6, STM32C071C8T6N, STM32C071C8U6, STM32C071C8U6N, STM32C071CBT6, STM32C071CBT6N, STM32C071CBU6, STM32C071CBU6N, STM32C071F8P6, STM32C071F8P6N, STM32C071FBP6, STM32C071FBP6N, STM32C071FBY6TR, STM32C071G8U6, STM32C071G8U6N, STM32C071GBU6, STM32C071GBU6N, STM32C071K8T6, STM32C071K8T6N, STM32C071K8U6, STM32C071K8U6N, STM32C071KBT6, STM32C071KBT6N, STM32C071KBU6, STM32C071KBU6N, STM32C071R8T6, STM32C071R8T6N, STM32C071RBI6N, STM32C071RBT6, STM32C071RBT6N, STM32G071K8TXN, STM32G071K8UXN, STM32G081GBU6N, STM32G081KBT6N, STM32G081KBUXN, STM32G0B1CCT6N, STM32G0B1KCT6, STM32G0B1NEY6TR, STM32G0B1RCT6N, STM32G0C1CCT6, STM32G0C1CCT6N, STM32G0C1CCU6N, STM32G0C1CET6N, STM32G0C1CEU6N, STM32G0C1KCT6, STM32G0C1NEY6TR, STM32G0C1RCI6N, STM32G0C1RCT6N, STM32G0C1REI6N, STM32G0C1RET6N, STM32G0C1VCI6, STM32G0C1VEI6, STM32G411C6T3, STM32G411C6T6, STM32G411C6U3, STM32G411C6U6, STM32G411C8T3, STM32G411C8T6, STM32G411C8U3, STM32G411C8U6, STM32G411CBT3, STM32G411CBT6, STM32G411CBU3, STM32G411CBU6, STM32G411K6T3, STM32G411K6T6, STM32G411K6U3, STM32G411K6U6, STM32G411K8T3, STM32G411K8T6, STM32G411K8U3, STM32G411K8U6, STM32G411KBT3, STM32G411KBT6, STM32G411KBU3, STM32G411KBU6, STM32G411M6T3, STM32G411M6T6, STM32G411M8T3, STM32G411M8T6, STM32G411MBT3, STM32G411MBT6, STM32G411R6T3, STM32G411R6T6, STM32G411R8T3, STM32G411R8T6, STM32G411RBT3, STM32G411RBT6, STM32G414CBT3, STM32G414CBT6, STM32G414CBU3, STM32G414CBU6, STM32G414CCT3, STM32G414CCT6, STM32G414CCU3, STM32G414CCU6, STM32G414MBT3, STM32G414MBT6, STM32G414MCT3, STM32G414MCT6, STM32G414RBT3, STM32G414RBT6, STM32G414RCT3, STM32G414RCT6, STM32G414VBT3, STM32G414VBT6, STM32G414VCT3, STM32G414VCT6, STM32G431CBT3Z, STM32G431RBT3Z, STM32G471CCT6, STM32G471CCU6, STM32G471CET3, STM32G471CET6, STM32G471CEU3, STM32G471CEU6, STM32G471MCT6, STM32G471MET3, STM32G471MET6, STM32G471MEY6TR, STM32G471QCT6, STM32G471QET3, STM32G471RCT6, STM32G471RET3, STM32G471RET6, STM32G471VCH6, STM32G471VCI6, STM32G471VCT6, STM32G471VEH3, STM32G471VEH6, STM32G471VEI3, STM32G471VEI6, STM32G471VET3, STM32G471VET6, STM32G473QET3Z, STM32G473RET3Z, STM32G474CCT6, STM32G491RET3Z, STM32H503CBT6, STM32H503CBU6, STM32H503EBY6TR, STM32H503KBU6, STM32H503RBT6, STM32H523CCT6, STM32H523CCU6, STM32H523CET6, STM32H523CEU6, STM32H523HEY6TR, STM32H523RCT6, STM32H523RET6, STM32H523VCI6, STM32H523VCT6, STM32H523VEI6, STM32H523VET6, STM32H523ZCJ6, STM32H523ZCT6, STM32H523ZEJ6, STM32H523ZET6, STM32H533CET6, STM32H533CEU6, STM32H533HEY6TR, STM32H533RET6, STM32H533VEI6, STM32H533VET6, STM32H533ZEJ6, STM32H533ZET6, STM32H562AGI6, STM32H562AII6, STM32H562IGK6, STM32H562IGT6, STM32H562IIK6, STM32H562IIT6, STM32H562RGT6, STM32H562RGV6, STM32H562RIT6, STM32H562RIV6, STM32H562VGT6, STM32H562VIT6, STM32H562ZGT6, STM32H562ZIT6, STM32H563AGI6, STM32H563AII3Q, STM32H563AII6, STM32H563IGK6, STM32H563IGT6, STM32H563IIK3Q, STM32H563IIK6, STM32H563IIT3Q, STM32H563IIT6, STM32H563MIY3QTR, STM32H563RGT6, STM32H563RGV6, STM32H563RIT6, STM32H563RIV6, STM32H563VGT6, STM32H563VIT3Q, STM32H563VIT6, STM32H563ZGT6, STM32H563ZIT3Q, STM32H563ZIT6, STM32H573AII3Q, STM32H573AII6, STM32H573I-DK, STM32H573IIK3Q, STM32H573IIK6, STM32H573IIT3Q, STM32H573IIT6, STM32H573MIY3QTR, STM32H573RIT6, STM32H573RIV6, STM32H573VIT3Q, STM32H573VIT6, STM32H573ZIT3Q, STM32H573ZIT6, STM32H7R3A8I6, STM32H7R3I8K6, STM32H7R3I8T6, STM32H7R3L8H6, STM32H7R3L8H6H, STM32H7R3R8V6, STM32H7R3V8H6, STM32H7R3V8T6, STM32H7R3V8Y6TR, STM32H7R3Z8J6, STM32H7R3Z8T6, STM32H7R7A8I6, STM32H7R7I8K6, STM32H7R7I8T6, STM32H7R7L8H6, STM32H7R7L8H6H, STM32H7R7Z8J6, STM32H7S3A8I6, STM32H7S3I8K6, STM32H7S3I8T6, STM32H7S3L8H6, STM32H7S3L8H6H, STM32H7S3R8V6, STM32H7S3V8H6, STM32H7S3V8T6, STM32H7S3V8Y6TR, STM32H7S3Z8J6, STM32H7S3Z8T6, STM32H7S78-DK, STM32H7S7A8I6, STM32H7S7I8K6, STM32H7S7I8T6, STM32H7S7L8H6, STM32H7S7L8H6H, STM32H7S7Z8J6, STM32L4R5QGI6STR, STM32MP131AAE3, STM32MP131AAF3, STM32MP131AAG3, STM32MP131CAE3, STM32MP131CAF3, STM32MP131CAG3, STM32MP131DAE7, STM32MP131DAF7, STM32MP131DAG7, STM32MP131FAE7, STM32MP131FAF7, STM32MP131FAG7, STM32MP133AAE3, STM32MP133AAF3, STM32MP133AAG3, STM32MP133CAE3, STM32MP133CAF3, STM32MP133CAG3, STM32MP133DAE7, STM32MP133DAF7, STM32MP133DAG7, STM32MP133FAE7, STM32MP133FAF7, STM32MP133FAG7, STM32MP135AAE3, STM32MP135AAF3, STM32MP135AAG3, STM32MP135CAE3, STM32MP135CAF3, STM32MP135CAG3, STM32MP135DAE7, STM32MP135DAF7, STM32MP135DAG7, STM32MP135F-DK, STM32MP135FAE7, STM32MP135FAF7, STM32MP135FAF7T, STM32MP135FAF7U, STM32MP135FAG7, STM32MP251AAI3, STM32MP251AAK3, STM32MP251AAL3, STM32MP251CAI3, STM32MP251CAK3, STM32MP251CAL3, STM32MP251DAI3, STM32MP251DAK3, STM32MP251DAL3, STM32MP251FAI3, STM32MP251FAK3, STM32MP251FAL3, STM32MP253AAI3, STM32MP253AAK3, STM32MP253AAL3, STM32MP253CAI3, STM32MP253CAK3, STM32MP253CAL3, STM32MP253DAI3, STM32MP253DAK3, STM32MP253DAL3, STM32MP253FAI3, STM32MP253FAK3, STM32MP253FAL3, STM32MP255AAI3, STM32MP255AAK3, STM32MP255AAL3, STM32MP255CAI3, STM32MP255CAK3, STM32MP255CAL3, STM32MP255DAI3, STM32MP255DAK3, STM32MP255DAL3, STM32MP255FAI3, STM32MP255FAK3, STM32MP255FAL3, STM32MP257AAI3, STM32MP257AAK3, STM32MP257AAL3, STM32MP257CAI3, STM32MP257CAK3, STM32MP257CAL3, STM32MP257DAI3, STM32MP257DAK3, STM32MP257DAL3, STM32MP257F-DK, STM32MP257F-EV1, STM32MP257FAI3, STM32MP257FAK3, STM32MP257FAL3, STM32U031C6T6, STM32U031C6U6, STM32U031C8T6, STM32U031C8U6, STM32U031F4P6, STM32U031F6P6, STM32U031F8P6, STM32U031G6Y6TR, STM32U031G8Y6TR, STM32U031K4U6, STM32U031K6U6, STM32U031K8U6, STM32U031R6I6, STM32U031R6T6, STM32U031R8I6, STM32U031R8T6, STM32U073C8T6, STM32U073C8U6, STM32U073CBT6, STM32U073CBU6, STM32U073CCT6, STM32U073CCU6, STM32U073H8Y6TR, STM32U073HBY6TR, STM32U073HCY6TR, STM32U073K8U6, STM32U073KBU6, STM32U073KCU6, STM32U073M8I6, STM32U073M8T6, STM32U073MBI6, STM32U073MBT6, STM32U073MCI6, STM32U073MCT6, STM32U073R8I6, STM32U073R8T6, STM32U073RBI6, STM32U073RBT6, STM32U073RCI6, STM32U073RCT6, STM32U083C-DK, STM32U083CCT6, STM32U083CCU6, STM32U083HCY6TR, STM32U083KCU6, STM32U083MCI6, STM32U083MCT6, STM32U083RCI6, STM32U083RCT6, STM32U535CBT6, STM32U535CBT6Q, STM32U535CBU6, STM32U535CBU6Q, STM32U535CCT6, STM32U535CCT6Q, STM32U535CCU6, STM32U535CCU6Q, STM32U535CET6, STM32U535CET6Q, STM32U535CEU6, STM32U535CEU6Q, STM32U535JEY6QTR, STM32U535NCY6QTR, STM32U535NEY6QTR, STM32U535RBI6, STM32U535RBI6Q, STM32U535RBT6, STM32U535RBT6Q, STM32U535RCI6, STM32U535RCI6Q, STM32U535RCT6, STM32U535RCT6Q, STM32U535REI6, STM32U535REI6Q, STM32U535RET6, STM32U535RET6Q, STM32U535VCI6, STM32U535VCI6Q, STM32U535VCT6, STM32U535VCT6Q, STM32U535VEI6, STM32U535VEI6Q, STM32U535VET6, STM32U535VET6Q, STM32U545CET6, STM32U545CET6Q, STM32U545CEU6, STM32U545CEU6Q, STM32U545JEY6QTR, STM32U545NEY6QTR, STM32U545REI6, STM32U545REI6Q, STM32U545RET6, STM32U545RET6Q, STM32U545VEI6, STM32U545VEI6Q, STM32U545VET6, STM32U545VET6Q, STM32U595AIH6, STM32U595AIH6Q, STM32U595AJH6, STM32U595AJH6Q, STM32U595QII6, STM32U595QII6Q, STM32U595QJI6, STM32U595QJI6Q, STM32U595RIT6, STM32U595RIT6Q, STM32U595RJT6, STM32U595RJT6Q, STM32U595VIT6, STM32U595VIT6Q, STM32U595VJT6, STM32U595VJT6Q, STM32U595ZIT6, STM32U595ZIT6Q, STM32U595ZIY6QTR, STM32U595ZJT6, STM32U595ZJT6Q, STM32U595ZJY6QTR, STM32U599BJY6QTR, STM32U599NIH6Q, STM32U599NJH6Q, STM32U599VIT6Q, STM32U599VJT6, STM32U599VJT6Q, STM32U599ZIT6Q, STM32U599ZIY6QTR, STM32U599ZJT6Q, STM32U599ZJY6QTR, STM32U5A5AJH6, STM32U5A5AJH6Q, STM32U5A5QII3Q , STM32U5A5QJI6, STM32U5A5QJI6Q, STM32U5A5RJT6, STM32U5A5RJT6Q, STM32U5A5VJT6, STM32U5A5VJT6Q, STM32U5A5ZJT6, STM32U5A5ZJT6Q, STM32U5A5ZJY6QTR, STM32U5A9BJY6QTR, STM32U5A9J-DK, STM32U5A9NJH6Q, STM32U5A9VJT6Q, STM32U5A9ZJT6Q, STM32U5A9ZJY6QTR, STM32U5F7VIT6, STM32U5F7VIT6Q, STM32U5F7VJT6, STM32U5F7VJT6Q, STM32U5F9BJY6QTR, STM32U5F9NJH6Q, STM32U5F9VIT6Q, STM32U5F9VJT6Q, STM32U5F9ZIJ6QTR, STM32U5F9ZIT6Q, STM32U5F9ZJJ6QTR, STM32U5F9ZJT6Q, STM32U5G7VJT6, STM32U5G7VJT6Q, STM32U5G9BJY6QTR, STM32U5G9J-DK1, STM32U5G9J-DK2, STM32U5G9NJH6Q, STM32U5G9VJT6Q, STM32U5G9ZJJ6QTR, STM32U5G9ZJT6Q, STM32WB05KZV6TR, STM32WB05KZV7TR, STM32WB05TZF6TR, STM32WB05TZF7TR, STM32WB06CCF6TR, STM32WB06CCF7TR, STM32WB06CCV6TR, STM32WB06CCV7TR, STM32WB06KCV6TR, STM32WB06KCV7TR, STM32WB07CCF6TR, STM32WB07CCF7TR, STM32WB07CCV6TR, STM32WB07CCV7TR, STM32WB07KCV6TR, STM32WB07KCV7TR, STM32WB09KEV6TR, STM32WB09KEV7TR, STM32WB09TEF6TR, STM32WB09TEF7TR, STM32WB1MMCH6, STM32WBA50KGU6, STM32WBA50KGU6TR, STM32WBA52CEU6, STM32WBA52CEU6TR, STM32WBA52CEU7, STM32WBA52CEU7TR, STM32WBA52CGU6, STM32WBA52CGU6TR, STM32WBA52CGU6U, STM32WBA52CGU7, STM32WBA52CGU7TR, STM32WBA52KEU6, STM32WBA52KEU6TR, STM32WBA52KGU6, STM32WBA52KGU6TR, STM32WBA54CEU6, STM32WBA54CEU6TR, STM32WBA54CEU7, STM32WBA54CEU7TR, STM32WBA54CGU6, STM32WBA54CGU6TR, STM32WBA54CGU7, STM32WBA54CGU7TR, STM32WBA54KEU6, STM32WBA54KEU6TR, STM32WBA54KEU7, STM32WBA54KEU7TR, STM32WBA54KGU6, STM32WBA54KGU6TR, STM32WBA54KGU7, STM32WBA54KGU7TR, STM32WBA55CEU6, STM32WBA55CEU6TR, STM32WBA55CEU7, STM32WBA55CEU7TR, STM32WBA55CGU6, STM32WBA55CGU6TR, STM32WBA55CGU6U, STM32WBA55CGU7, STM32WBA55CGU7TR, STM32WBA55G-DK1, STM32WBA55HEF6, STM32WBA55HEF7, STM32WBA55HGF6, STM32WBA55HGF7, STM32WBA55UEI6, STM32WBA55UEI6TR, STM32WBA55UEI7, STM32WBA55UEI7TR, STM32WBA55UGI6, STM32WBA55UGI6TR, STM32WBA55UGI7, STM32WBA55UGI7TR, STM32WL5MOCH6, STM32WL5MOCH6TR]
2024-10-20 14:28:54,268 [INFO] DbMcus:218 - Found 4252 MCUs, 4252 are supported
2024-10-20 14:28:54,268 [INFO] ApiDb:423 - Load user favorites file C:\Users\erick/.stm32cubeide/favorites.mcus.txt: 0 item(s)
2024-10-20 14:28:54,268 [INFO] ApiDb:427 - User favorites MCUs=[]
2024-10-20 14:28:54,268 [INFO] DbMcus:224 - Set 0 / 0 favorites MCUs
2024-10-20 14:28:54,502 [INFO] ApiDb:423 - Load user favorites file C:\Users\erick/.stm32cubeide/favorites.boards.txt: 0 item(s)
2024-10-20 14:28:54,502 [INFO] ApiDb:427 - User favorites Boards=[]
2024-10-20 14:28:54,502 [INFO] DbBoards:198 - Set 0 / 0 favorites Boards
2024-10-20 14:28:54,502 [INFO] McuFinderGlobals:76 - Set McuFinderConnectedMode to true
2024-10-20 14:28:54,508 [INFO] MultiScanPanel:200 - Auto-refresh data requested => check proxy status ongoing
2024-10-20 14:28:54,510 [INFO] FinderPluginLoader:95 - Searching for filters in installed packs
2024-10-20 14:28:55,598 [INFO] LoadUrlFilesThread:185 - End of LoadServerUrlFiles without Thread
2024-10-20 14:28:55,621 [INFO] DetailPanel:341 - Set advertising image to C:/Users/erick/STM32Cube/Repository/\en.prom-stm32c071-usb-memories-mcu-finder.png
2024-10-20 14:29:22,864 [ERROR] LogOutputStream:75 - [STDERR_REDIRECT] Exception in thread "AWT-EventQueue-0" org.eclipse.swt.SWTException: Device is disposed
2024-10-20 14:29:22,866 [ERROR] LogOutputStream:75 - [STDERR_REDIRECT] 	at org.eclipse.swt.SWT.error(SWT.java:4918)
2024-10-20 14:29:22,868 [ERROR] LogOutputStream:75 - [STDERR_REDIRECT] 	at org.eclipse.swt.SWT.error(SWT.java:4833)
2024-10-20 14:29:22,870 [ERROR] LogOutputStream:75 - [STDERR_REDIRECT] 	at org.eclipse.swt.SWT.error(SWT.java:4804)
2024-10-20 14:29:22,871 [ERROR] LogOutputStream:75 - [STDERR_REDIRECT] 	at org.eclipse.swt.widgets.Display.error(Display.java:1278)
2024-10-20 14:29:22,872 [ERROR] LogOutputStream:75 - [STDERR_REDIRECT] 	at org.eclipse.swt.widgets.Display.asyncExec(Display.java:774)
2024-10-20 14:29:22,874 [ERROR] LogOutputStream:75 - [STDERR_REDIRECT] 	at com.st.stm32cube.common.mx.oss.core.awtswtbridge.AwtEnvironment$2.run(AwtEnvironment.java:168)
2024-10-20 14:29:22,876 [ERROR] LogOutputStream:75 - [STDERR_REDIRECT] 	at java.desktop/java.awt.event.InvocationEvent.dispatch(InvocationEvent.java:318)
2024-10-20 14:29:22,878 [ERROR] LogOutputStream:75 - [STDERR_REDIRECT] 	at java.desktop/java.awt.EventQueue.dispatchEventImpl(EventQueue.java:773)
2024-10-20 14:29:22,879 [ERROR] LogOutputStream:75 - [STDERR_REDIRECT] 	at java.desktop/java.awt.EventQueue$4.run(EventQueue.java:720)
2024-10-20 14:29:22,880 [ERROR] LogOutputStream:75 - [STDERR_REDIRECT] 	at java.desktop/java.awt.EventQueue$4.run(EventQueue.java:714)
2024-10-20 14:29:22,882 [ERROR] LogOutputStream:75 - [STDERR_REDIRECT] 	at java.base/java.security.AccessController.doPrivileged(AccessController.java:399)
2024-10-20 14:29:22,885 [ERROR] LogOutputStream:75 - [STDERR_REDIRECT] 	at java.base/java.security.ProtectionDomain$JavaSecurityAccessImpl.doIntersectionPrivilege(ProtectionDomain.java:86)
2024-10-20 14:29:22,886 [ERROR] LogOutputStream:75 - [STDERR_REDIRECT] 	at java.desktop/java.awt.EventQueue.dispatchEvent(EventQueue.java:742)
2024-10-20 14:29:22,888 [ERROR] LogOutputStream:75 - [STDERR_REDIRECT] 	at java.desktop/java.awt.EventDispatchThread.pumpOneEventForFilters(EventDispatchThread.java:203)
2024-10-20 14:29:22,890 [ERROR] LogOutputStream:75 - [STDERR_REDIRECT] 	at java.desktop/java.awt.EventDispatchThread.pumpEventsForFilter(EventDispatchThread.java:124)
2024-10-20 14:29:22,892 [ERROR] LogOutputStream:75 - [STDERR_REDIRECT] 	at java.desktop/java.awt.EventDispatchThread.pumpEventsForHierarchy(EventDispatchThread.java:113)
2024-10-20 14:29:22,894 [ERROR] LogOutputStream:75 - [STDERR_REDIRECT] 	at java.desktop/java.awt.EventDispatchThread.pumpEvents(EventDispatchThread.java:109)
2024-10-20 14:29:22,896 [ERROR] LogOutputStream:75 - [STDERR_REDIRECT] 	at java.desktop/java.awt.EventDispatchThread.pumpEvents(EventDispatchThread.java:101)
2024-10-20 14:29:22,897 [ERROR] LogOutputStream:75 - [STDERR_REDIRECT] 	at java.desktop/java.awt.EventDispatchThread.run(EventDispatchThread.java:90)
2024-10-20 14:29:23,020 [ERROR] LogOutputStream:75 - [STDERR_REDIRECT] 
2024-10-20 14:29:23,020 [ERROR] LogOutputStream:75 - [STDERR_REDIRECT] 
